<?xml version="1.0" encoding="UTF-8"?>
<!-- Generated by org.testng.reporters.JUnitXMLReporter -->
<testsuite hostname="Davids-MacBook-Air.local" name="Surefire test" tests="6" failures="0" timestamp="4 Sep 2019 09:41:03 GMT" time="0.316" errors="0">
  <testcase name="testAge on testAge(classes.TranslatorTest)" time="0.08" classname="classes.TranslatorTest"/>
  <testcase name="testCalculateFortune on testCalculateFortune(classes.TranslatorTest)" time="0.0" classname="classes.TranslatorTest"/>
  <testcase name="testGetFortune on testGetFortune(classes.TranslatorTest)" time="0.001" classname="classes.TranslatorTest"/>
  <testcase name="testRandomNumber on testRandomNumber(classes.TranslatorTest)" time="0.0" classname="classes.TranslatorTest"/>
  <testcase name="testGender on testGender(classes.TranslatorTest)" time="0.0" classname="classes.TranslatorTest"/>
  <testcase name="testGetRandomNumber on testGetRandomNumber(classes.RandomFactorTest)" time="0.014" classname="classes.RandomFactorTest"/>
</testsuite> <!-- Surefire test -->
