<?xml version="1.0" encoding="UTF-8"?>
<testng-results skipped="0" failed="0" total="11" passed="11">
  <reporter-output>
  </reporter-output>
  <suite name="Surefire suite" duration-ms="513" started-at="2019-09-05T09:15:06Z" finished-at="2019-09-05T09:15:07Z">
    <groups>
    </groups>
    <test name="Surefire test" duration-ms="513" started-at="2019-09-05T09:15:06Z" finished-at="2019-09-05T09:15:07Z">
      <class name="classes.PersonTest">
        <test-method status="PASS" signature="testGetNationality()[pri:0, instance:testGetNationality(classes.PersonTest)]" name="testGetNationality" duration-ms="1" started-at="2019-09-05T11:15:07Z" finished-at="2019-09-05T11:15:07Z">
          <reporter-output>
          </reporter-output>
        </test-method> <!-- testGetNationality -->
        <test-method status="PASS" signature="testGetFullName()[pri:0, instance:testGetFullName(classes.PersonTest)]" name="testGetFullName" duration-ms="0" started-at="2019-09-05T11:15:07Z" finished-at="2019-09-05T11:15:07Z">
          <reporter-output>
          </reporter-output>
        </test-method> <!-- testGetFullName -->
        <test-method status="PASS" signature="testGetEthnicity()[pri:0, instance:testGetEthnicity(classes.PersonTest)]" name="testGetEthnicity" duration-ms="1" started-at="2019-09-05T11:15:07Z" finished-at="2019-09-05T11:15:07Z">
          <reporter-output>
          </reporter-output>
        </test-method> <!-- testGetEthnicity -->
        <test-method status="PASS" signature="testGetBirthDate()[pri:0, instance:testGetBirthDate(classes.PersonTest)]" name="testGetBirthDate" duration-ms="0" started-at="2019-09-05T11:15:07Z" finished-at="2019-09-05T11:15:07Z">
          <reporter-output>
          </reporter-output>
        </test-method> <!-- testGetBirthDate -->
        <test-method status="PASS" signature="testGetGender()[pri:0, instance:testGetGender(classes.PersonTest)]" name="testGetGender" duration-ms="0" started-at="2019-09-05T11:15:07Z" finished-at="2019-09-05T11:15:07Z">
          <reporter-output>
          </reporter-output>
        </test-method> <!-- testGetGender -->
      </class> <!-- classes.PersonTest -->
      <class name="classes.TranslatorTest">
        <test-method status="PASS" signature="testAge()[pri:0, instance:testAge(classes.TranslatorTest)]" name="testAge" duration-ms="12" started-at="2019-09-05T11:15:06Z" finished-at="2019-09-05T11:15:06Z">
          <reporter-output>
          </reporter-output>
        </test-method> <!-- testAge -->
        <test-method status="PASS" signature="testCalculateFortune()[pri:0, instance:testCalculateFortune(classes.TranslatorTest)]" name="testCalculateFortune" duration-ms="0" started-at="2019-09-05T11:15:06Z" finished-at="2019-09-05T11:15:06Z">
          <reporter-output>
          </reporter-output>
        </test-method> <!-- testCalculateFortune -->
        <test-method status="PASS" signature="testRandomNumber()[pri:0, instance:testRandomNumber(classes.TranslatorTest)]" name="testRandomNumber" duration-ms="1" started-at="2019-09-05T11:15:06Z" finished-at="2019-09-05T11:15:06Z">
          <reporter-output>
          </reporter-output>
        </test-method> <!-- testRandomNumber -->
        <test-method status="PASS" signature="testGetFortune()[pri:0, instance:testGetFortune(classes.TranslatorTest)]" name="testGetFortune" duration-ms="0" started-at="2019-09-05T11:15:06Z" finished-at="2019-09-05T11:15:06Z">
          <reporter-output>
          </reporter-output>
        </test-method> <!-- testGetFortune -->
        <test-method status="PASS" signature="testGender()[pri:0, instance:testGender(classes.TranslatorTest)]" name="testGender" duration-ms="0" started-at="2019-09-05T11:15:06Z" finished-at="2019-09-05T11:15:06Z">
          <reporter-output>
          </reporter-output>
        </test-method> <!-- testGender -->
      </class> <!-- classes.TranslatorTest -->
      <class name="classes.RandomFactorTest">
        <test-method status="PASS" signature="testGetRandomNumber()[pri:0, instance:testGetRandomNumber(classes.RandomFactorTest)]" name="testGetRandomNumber" duration-ms="309" started-at="2019-09-05T11:15:06Z" finished-at="2019-09-05T11:15:07Z">
          <reporter-output>
          </reporter-output>
        </test-method> <!-- testGetRandomNumber -->
      </class> <!-- classes.RandomFactorTest -->
    </test> <!-- Surefire test -->
  </suite> <!-- Surefire suite -->
</testng-results>
